Database Export report for SoCKit_DCC
Sat Mar 21 13:07:08 2020
Quartus Prime Version 18.1.0 Build 625 09/12/2018 SJ Lite Edition


---------------------
; Table of Contents ;
---------------------
  1. Legal Notice
  2. Database Export Summary
  3. Database Export Messages



----------------
; Legal Notice ;
----------------
Copyright (C) 2018  Intel Corporation. All rights reserved.
Your use of Intel Corporation's design tools, logic functions 
and other software and tools, and its AMPP partner logic 
functions, and any output files from any of the foregoing 
(including device programming or simulation files), and any 
associated documentation or information are expressly subject 
to the terms and conditions of the Intel Program License 
Subscription Agreement, the Intel Quartus Prime License Agreement,
the Intel FPGA IP License Agreement, or other applicable license
agreement, including, without limitation, that your use is for
the sole purpose of programming logic devices manufactured by
Intel and sold by Intel or its authorized distributors.  Please
refer to the applicable agreement for further details.



+----------------------------------------------------------------+
; Database Export Summary                                        ;
+------------------------+---------------------------------------+
; Database Export Status ; Successful - Sat Mar 21 13:07:07 2020 ;
; Revision Name          ; SoCKit_DCC                            ;
; Top-level Entity Name  ; SoCKit_DCC                            ;
; Family                 ; Cyclone V                             ;
; Device                 ; 5CSXFC6D6F31C8ES                      ;
+------------------------+---------------------------------------+


+--------------------------+
; Database Export Messages ;
+--------------------------+
Info: *******************************************************************
Info: Running Quartus Prime Database Export
    Info: Version 18.1.0 Build 625 09/12/2018 SJ Lite Edition
    Info: Processing started: Sat Mar 21 13:05:37 2020
Info: Command: quartus_cdb SoCKit_DCC -c SoCKit_DCC --export_database=C:/intelFPGA_lite/18.1/projects/USE_THIS_sockit_DCC_20141217/export_db
Info (39038): Successfully exported the post-synthesis black-box database
Info (39038): Successfully exported the post-synthesis database
Info (39038): Successfully exported the post-fitter database
Info: Quartus Prime Database Export was successful. 0 errors, 0 warnings
    Info: Peak virtual memory: 4964 megabytes
    Info: Processing ended: Sat Mar 21 13:07:08 2020
    Info: Elapsed time: 00:01:31
    Info: Total CPU time (on all processors): 00:01:10


