Flow report for SoCKit_DCC
Sun Feb 07 13:36:43 2021
Quartus Prime Version 18.1.0 Build 625 09/12/2018 SJ Lite Edition


---------------------
; Table of Contents ;
---------------------
  1. Legal Notice
  2. Flow Summary
  3. Flow Settings
  4. Flow Non-Default Global Settings
  5. Flow Elapsed Time
  6. Flow OS Summary
  7. Flow Log
  8. Flow Messages
  9. Flow Suppressed Messages



----------------
; Legal Notice ;
----------------
Copyright (C) 2018  Intel Corporation. All rights reserved.
Your use of Intel Corporation's design tools, logic functions 
and other software and tools, and its AMPP partner logic 
functions, and any output files from any of the foregoing 
(including device programming or simulation files), and any 
associated documentation or information are expressly subject 
to the terms and conditions of the Intel Program License 
Subscription Agreement, the Intel Quartus Prime License Agreement,
the Intel FPGA IP License Agreement, or other applicable license
agreement, including, without limitation, that your use is for
the sole purpose of programming logic devices manufactured by
Intel and sold by Intel or its authorized distributors.  Please
refer to the applicable agreement for further details.



+---------------------------------------------------------------------------+
; Flow Summary                                                              ;
+-----------------------------+---------------------------------------------+
; Flow Status                 ; Flow Failed - Sun Feb 07 13:36:43 2021      ;
; Quartus Prime Version       ; 18.1.0 Build 625 09/12/2018 SJ Lite Edition ;
; Revision Name               ; SoCKit_DCC                                  ;
; Top-level Entity Name       ; SoCKit_DCC                                  ;
; Family                      ; Cyclone V                                   ;
; Device                      ; 5CSXFC6D6F31C8ES                            ;
; Timing Models               ; Preliminary                                 ;
; Logic utilization (in ALMs) ; N/A until Partition Merge                   ;
; Total registers             ; N/A until Partition Merge                   ;
; Total pins                  ; N/A until Partition Merge                   ;
; Total virtual pins          ; N/A until Partition Merge                   ;
; Total block memory bits     ; N/A until Partition Merge                   ;
; Total PLLs                  ; N/A until Partition Merge                   ;
; Total DLLs                  ; N/A until Partition Merge                   ;
+-----------------------------+---------------------------------------------+


+-----------------------------------------+
; Flow Settings                           ;
+-------------------+---------------------+
; Option            ; Setting             ;
+-------------------+---------------------+
; Start date & time ; 02/07/2021 13:36:24 ;
; Main task         ; Compilation         ;
; Revision Name     ; SoCKit_DCC          ;
+-------------------+---------------------+


+-------------------------------------------------------------------------------------------------------------------------------------------------------------------------------------------------------------------------+
; Flow Non-Default Global Settings                                                                                                                                                                                        ;
+-------------------------------------+----------------------------------------------------------------------------------------------------------------------------------+---------------+-------------+------------------+
; Assignment Name                     ; Value                                                                                                                            ; Default Value ; Entity Name ; Section Id       ;
+-------------------------------------+----------------------------------------------------------------------------------------------------------------------------------+---------------+-------------+------------------+
; COMPILER_SIGNATURE_ID               ; 24062491136.161269778105304                                                                                                      ; --            ; --          ; --               ;
; ENABLE_SIGNALTAP                    ; On                                                                                                                               ; --            ; --          ; --               ;
; MAX_CORE_JUNCTION_TEMP              ; 85                                                                                                                               ; --            ; --          ; --               ;
; MIN_CORE_JUNCTION_TEMP              ; 0                                                                                                                                ; --            ; --          ; --               ;
; MISC_FILE                           ; V/lpm_pll_bb.v                                                                                                                   ; --            ; --          ; --               ;
; MISC_FILE                           ; V/lpm_pll.ppf                                                                                                                    ; --            ; --          ; --               ;
; MISC_FILE                           ; V/lpm_nco.v                                                                                                                      ; --            ; --          ; --               ;
; MISC_FILE                           ; V/lpm_nco_bb.v                                                                                                                   ; --            ; --          ; --               ;
; MISC_FILE                           ; V/lpm_nco.bsf                                                                                                                    ; --            ; --          ; --               ;
; MISC_FILE                           ; V/lpm_nco_st.v                                                                                                                   ; --            ; --          ; --               ;
; MISC_FILE                           ; V/lpm_nco.vo                                                                                                                     ; --            ; --          ; --               ;
; MISC_FILE                           ; V/lpm_nco_tb.v                                                                                                                   ; --            ; --          ; --               ;
; MISC_FILE                           ; V/lpm_nco_vo_msim.tcl                                                                                                            ; --            ; --          ; --               ;
; MISC_FILE                           ; V/lpm_nco_wave.do                                                                                                                ; --            ; --          ; --               ;
; MISC_FILE                           ; V/lpm_nco_model.m                                                                                                                ; --            ; --          ; --               ;
; MISC_FILE                           ; V/lpm_nco_tb.m                                                                                                                   ; --            ; --          ; --               ;
; MISC_FILE                           ; V/lpm_nco_sin_f.hex                                                                                                              ; --            ; --          ; --               ;
; MISC_FILE                           ; V/lpm_nco_cos_f.hex                                                                                                              ; --            ; --          ; --               ;
; MISC_FILE                           ; V/lpm_nco_sin_c.hex                                                                                                              ; --            ; --          ; --               ;
; MISC_FILE                           ; V/lpm_nco_cos_c.hex                                                                                                              ; --            ; --          ; --               ;
; MISC_FILE                           ; V/lpm_nco.vec                                                                                                                    ; --            ; --          ; --               ;
; MISC_FILE                           ; V/lpm_nco_nativelink.tcl                                                                                                         ; --            ; --          ; --               ;
; MISC_FILE                           ; V/lpm_nco.qip                                                                                                                    ; --            ; --          ; --               ;
; MISC_FILE                           ; V/lpm_nco.html                                                                                                                   ; --            ; --          ; --               ;
; MISC_FILE                           ; V/nco-library/asj_altq.v                                                                                                         ; --            ; --          ; --               ;
; MISC_FILE                           ; V/nco-library/asj_altqmcash.v                                                                                                    ; --            ; --          ; --               ;
; MISC_FILE                           ; V/nco-library/asj_altqmcpipe.v                                                                                                   ; --            ; --          ; --               ;
; MISC_FILE                           ; V/nco-library/asj_altqmcpipe_rst.v                                                                                               ; --            ; --          ; --               ;
; MISC_FILE                           ; V/nco-library/asj_crd.v                                                                                                          ; --            ; --          ; --               ;
; MISC_FILE                           ; V/nco-library/asj_crs.v                                                                                                          ; --            ; --          ; --               ;
; MISC_FILE                           ; V/nco-library/asj_dxx.v                                                                                                          ; --            ; --          ; --               ;
; MISC_FILE                           ; V/nco-library/asj_dxx_g.v                                                                                                        ; --            ; --          ; --               ;
; MISC_FILE                           ; V/nco-library/asj_gal.v                                                                                                          ; --            ; --          ; --               ;
; MISC_FILE                           ; V/nco-library/asj_gam.v                                                                                                          ; --            ; --          ; --               ;
; MISC_FILE                           ; V/nco-library/asj_gam_dp.v                                                                                                       ; --            ; --          ; --               ;
; MISC_FILE                           ; V/nco-library/asj_gar.v                                                                                                          ; --            ; --          ; --               ;
; MISC_FILE                           ; V/nco-library/asj_nco_aprid_dxx.v                                                                                                ; --            ; --          ; --               ;
; MISC_FILE                           ; V/nco-library/asj_nco_apr_dxx.v                                                                                                  ; --            ; --          ; --               ;
; MISC_FILE                           ; V/nco-library/asj_nco_as_m.v                                                                                                     ; --            ; --          ; --               ;
; MISC_FILE                           ; V/nco-library/asj_nco_as_m_cen.v                                                                                                 ; --            ; --          ; --               ;
; MISC_FILE                           ; V/nco-library/asj_nco_as_m_dp.v                                                                                                  ; --            ; --          ; --               ;
; MISC_FILE                           ; V/nco-library/asj_nco_as_m_dp_cen.v                                                                                              ; --            ; --          ; --               ;
; MISC_FILE                           ; V/nco-library/asj_nco_d1gam.v                                                                                                    ; --            ; --          ; --               ;
; MISC_FILE                           ; V/nco-library/asj_nco_derot.v                                                                                                    ; --            ; --          ; --               ;
; MISC_FILE                           ; V/nco-library/asj_nco_fxx.v                                                                                                      ; --            ; --          ; --               ;
; MISC_FILE                           ; V/nco-library/asj_nco_isdr.v                                                                                                     ; --            ; --          ; --               ;
; MISC_FILE                           ; V/nco-library/asj_nco_isdr_mc.v                                                                                                  ; --            ; --          ; --               ;
; MISC_FILE                           ; V/nco-library/asj_nco_isdr_throughput2.v                                                                                         ; --            ; --          ; --               ;
; MISC_FILE                           ; V/nco-library/asj_nco_lp_m.v                                                                                                     ; --            ; --          ; --               ;
; MISC_FILE                           ; V/nco-library/asj_nco_m.v                                                                                                        ; --            ; --          ; --               ;
; MISC_FILE                           ; V/nco-library/asj_nco_madx.v                                                                                                     ; --            ; --          ; --               ;
; MISC_FILE                           ; V/nco-library/asj_nco_madx_cen.v                                                                                                 ; --            ; --          ; --               ;
; MISC_FILE                           ; V/nco-library/asj_nco_mady.v                                                                                                     ; --            ; --          ; --               ;
; MISC_FILE                           ; V/nco-library/asj_nco_mady_cen.v                                                                                                 ; --            ; --          ; --               ;
; MISC_FILE                           ; V/nco-library/asj_nco_mcin.v                                                                                                     ; --            ; --          ; --               ;
; MISC_FILE                           ; V/nco-library/asj_nco_mciosel.v                                                                                                  ; --            ; --          ; --               ;
; MISC_FILE                           ; V/nco-library/asj_nco_mcout.v                                                                                                    ; --            ; --          ; --               ;
; MISC_FILE                           ; V/nco-library/asj_nco_mob_rw.v                                                                                                   ; --            ; --          ; --               ;
; MISC_FILE                           ; V/nco-library/asj_nco_mob_sw.v                                                                                                   ; --            ; --          ; --               ;
; MISC_FILE                           ; V/nco-library/asj_nco_mob_w.v                                                                                                    ; --            ; --          ; --               ;
; MISC_FILE                           ; V/nco-library/asj_nco_pmd2.v                                                                                                     ; --            ; --          ; --               ;
; MISC_FILE                           ; V/nco-library/asj_nco_pmd2gam.v                                                                                                  ; --            ; --          ; --               ;
; MISC_FILE                           ; V/nco-library/asj_nco_pxx.v                                                                                                      ; --            ; --          ; --               ;
; MISC_FILE                           ; V/nco-library/asj_xnqg.v                                                                                                         ; --            ; --          ; --               ;
; MISC_FILE                           ; V/nco-library/auk_dspip_avalon_streaming_block_sink.vhd                                                                          ; --            ; --          ; --               ;
; MISC_FILE                           ; V/nco-library/auk_dspip_avalon_streaming_block_sink_fftfprvs.vhd                                                                 ; --            ; --          ; --               ;
; MISC_FILE                           ; V/nco-library/auk_dspip_avalon_streaming_block_source.vhd                                                                        ; --            ; --          ; --               ;
; MISC_FILE                           ; V/nco-library/auk_dspip_avalon_streaming_controller.vhd                                                                          ; --            ; --          ; --               ;
; MISC_FILE                           ; V/nco-library/auk_dspip_avalon_streaming_controller_pe.vhd                                                                       ; --            ; --          ; --               ;
; MISC_FILE                           ; V/nco-library/auk_dspip_avalon_streaming_sink.vhd                                                                                ; --            ; --          ; --               ;
; MISC_FILE                           ; V/nco-library/auk_dspip_avalon_streaming_source.vhd                                                                              ; --            ; --          ; --               ;
; MISC_FILE                           ; V/nco-library/auk_dspip_delay.vhd                                                                                                ; --            ; --          ; --               ;
; MISC_FILE                           ; V/nco-library/auk_dspip_lib_pkg.vhd                                                                                              ; --            ; --          ; --               ;
; MISC_FILE                           ; V/nco-library/auk_dspip_math_pkg.vhd                                                                                             ; --            ; --          ; --               ;
; MISC_FILE                           ; V/nco-library/auk_dspip_text_pkg.vhd                                                                                             ; --            ; --          ; --               ;
; MISC_FILE                           ; V/nco-library/cordic_10_m.v                                                                                                      ; --            ; --          ; --               ;
; MISC_FILE                           ; V/nco-library/cordic_11_m.v                                                                                                      ; --            ; --          ; --               ;
; MISC_FILE                           ; V/nco-library/cordic_12_m.v                                                                                                      ; --            ; --          ; --               ;
; MISC_FILE                           ; V/nco-library/cordic_13_m.v                                                                                                      ; --            ; --          ; --               ;
; MISC_FILE                           ; V/nco-library/cordic_14_m.v                                                                                                      ; --            ; --          ; --               ;
; MISC_FILE                           ; V/nco-library/cordic_15_m.v                                                                                                      ; --            ; --          ; --               ;
; MISC_FILE                           ; V/nco-library/cordic_16_m.v                                                                                                      ; --            ; --          ; --               ;
; MISC_FILE                           ; V/nco-library/cordic_17_m.v                                                                                                      ; --            ; --          ; --               ;
; MISC_FILE                           ; V/nco-library/cordic_18_m.v                                                                                                      ; --            ; --          ; --               ;
; MISC_FILE                           ; V/nco-library/cordic_19_m.v                                                                                                      ; --            ; --          ; --               ;
; MISC_FILE                           ; V/nco-library/cordic_20_m.v                                                                                                      ; --            ; --          ; --               ;
; MISC_FILE                           ; V/nco-library/cordic_21_m.v                                                                                                      ; --            ; --          ; --               ;
; MISC_FILE                           ; V/nco-library/cordic_22_m.v                                                                                                      ; --            ; --          ; --               ;
; MISC_FILE                           ; V/nco-library/cordic_23_m.v                                                                                                      ; --            ; --          ; --               ;
; MISC_FILE                           ; V/nco-library/cordic_24_m.v                                                                                                      ; --            ; --          ; --               ;
; MISC_FILE                           ; V/nco-library/cordic_25_m.v                                                                                                      ; --            ; --          ; --               ;
; MISC_FILE                           ; V/nco-library/cordic_26_m.v                                                                                                      ; --            ; --          ; --               ;
; MISC_FILE                           ; V/nco-library/cordic_27_m.v                                                                                                      ; --            ; --          ; --               ;
; MISC_FILE                           ; V/nco-library/cordic_28_m.v                                                                                                      ; --            ; --          ; --               ;
; MISC_FILE                           ; V/nco-library/cordic_29_m.v                                                                                                      ; --            ; --          ; --               ;
; MISC_FILE                           ; V/nco-library/cordic_30_m.v                                                                                                      ; --            ; --          ; --               ;
; MISC_FILE                           ; V/nco-library/cordic_31_m.v                                                                                                      ; --            ; --          ; --               ;
; MISC_FILE                           ; V/nco-library/cordic_32_m.v                                                                                                      ; --            ; --          ; --               ;
; MISC_FILE                           ; V/nco-library/cordic_3_m.v                                                                                                       ; --            ; --          ; --               ;
; MISC_FILE                           ; V/nco-library/cordic_4_m.v                                                                                                       ; --            ; --          ; --               ;
; MISC_FILE                           ; V/nco-library/cordic_5_m.v                                                                                                       ; --            ; --          ; --               ;
; MISC_FILE                           ; V/nco-library/cordic_6_m.v                                                                                                       ; --            ; --          ; --               ;
; MISC_FILE                           ; V/nco-library/cordic_7_m.v                                                                                                       ; --            ; --          ; --               ;
; MISC_FILE                           ; V/nco-library/cordic_8_m.v                                                                                                       ; --            ; --          ; --               ;
; MISC_FILE                           ; V/nco-library/cordic_9_m.v                                                                                                       ; --            ; --          ; --               ;
; MISC_FILE                           ; V/nco-library/cordic_axor_0p_lpm.v                                                                                               ; --            ; --          ; --               ;
; MISC_FILE                           ; V/nco-library/cordic_axor_1p_lpm.v                                                                                               ; --            ; --          ; --               ;
; MISC_FILE                           ; V/nco-library/cordic_axor_2p_lpm.v                                                                                               ; --            ; --          ; --               ;
; MISC_FILE                           ; V/nco-library/cordic_axor_ser.v                                                                                                  ; --            ; --          ; --               ;
; MISC_FILE                           ; V/nco-library/cordic_cnt.v                                                                                                       ; --            ; --          ; --               ;
; MISC_FILE                           ; V/nco-library/cordic_cnt_sig.v                                                                                                   ; --            ; --          ; --               ;
; MISC_FILE                           ; V/nco-library/cordic_reg_ser.v                                                                                                   ; --            ; --          ; --               ;
; MISC_FILE                           ; V/nco-library/cordic_sxor_0p_lpm.v                                                                                               ; --            ; --          ; --               ;
; MISC_FILE                           ; V/nco-library/cordic_sxor_1p_lpm.v                                                                                               ; --            ; --          ; --               ;
; MISC_FILE                           ; V/nco-library/cordic_sxor_2p_lpm.v                                                                                               ; --            ; --          ; --               ;
; MISC_FILE                           ; V/nco-library/cordic_sxor_ser.v                                                                                                  ; --            ; --          ; --               ;
; MISC_FILE                           ; V/nco-library/cordic_zxor_0p_lpm.v                                                                                               ; --            ; --          ; --               ;
; MISC_FILE                           ; V/nco-library/cordic_zxor_1p_lpm.v                                                                                               ; --            ; --          ; --               ;
; MISC_FILE                           ; V/nco-library/cordic_zxor_2p_lpm.v                                                                                               ; --            ; --          ; --               ;
; MISC_FILE                           ; V/nco-library/cordic_zxor_ser.v                                                                                                  ; --            ; --          ; --               ;
; MISC_FILE                           ; V/nco-library/cord_2c.v                                                                                                          ; --            ; --          ; --               ;
; MISC_FILE                           ; V/nco-library/cord_acc_ena.v                                                                                                     ; --            ; --          ; --               ;
; MISC_FILE                           ; V/nco-library/cord_en.v                                                                                                          ; --            ; --          ; --               ;
; MISC_FILE                           ; V/nco-library/cord_fs.v                                                                                                          ; --            ; --          ; --               ;
; MISC_FILE                           ; V/nco-library/cord_init.v                                                                                                        ; --            ; --          ; --               ;
; MISC_FILE                           ; V/nco-library/cord_init_pm.v                                                                                                     ; --            ; --          ; --               ;
; MISC_FILE                           ; V/nco-library/cord_init_ser.v                                                                                                    ; --            ; --          ; --               ;
; MISC_FILE                           ; V/nco-library/cord_init_ser_pm.v                                                                                                 ; --            ; --          ; --               ;
; MISC_FILE                           ; V/nco-library/cord_lut.v                                                                                                         ; --            ; --          ; --               ;
; MISC_FILE                           ; V/nco-library/cord_lut_1p.v                                                                                                      ; --            ; --          ; --               ;
; MISC_FILE                           ; V/nco-library/cord_rot_dual.v                                                                                                    ; --            ; --          ; --               ;
; MISC_FILE                           ; V/nco-library/cord_rot_sgl.v                                                                                                     ; --            ; --          ; --               ;
; MISC_FILE                           ; V/nco-library/cord_seg_sel.v                                                                                                     ; --            ; --          ; --               ;
; MISC_FILE                           ; V/nco-library/dop_reg.v                                                                                                          ; --            ; --          ; --               ;
; MISC_FILE                           ; V/nco-library/freq_sel_st.v                                                                                                      ; --            ; --          ; --               ;
; MISC_FILE                           ; V/nco-library/las.v                                                                                                              ; --            ; --          ; --               ;
; MISC_FILE                           ; V/nco-library/lms.v                                                                                                              ; --            ; --          ; --               ;
; MISC_FILE                           ; V/nco-library/lmsd.v                                                                                                             ; --            ; --          ; --               ;
; MISC_FILE                           ; V/nco-library/mac_i_lpm.v                                                                                                        ; --            ; --          ; --               ;
; MISC_FILE                           ; V/nco-library/mac_i_lpmd.v                                                                                                       ; --            ; --          ; --               ;
; MISC_FILE                           ; V/nco-library/m_output_blk_reg.v                                                                                                 ; --            ; --          ; --               ;
; MISC_FILE                           ; V/nco-library/m_output_blk_rw.v                                                                                                  ; --            ; --          ; --               ;
; MISC_FILE                           ; V/nco-library/m_output_blk_w.v                                                                                                   ; --            ; --          ; --               ;
; MISC_FILE                           ; V/nco-library/segment_arr_tdl.v                                                                                                  ; --            ; --          ; --               ;
; MISC_FILE                           ; V/nco-library/segment_sel.v                                                                                                      ; --            ; --          ; --               ;
; MISC_FILE                           ; V/nco-library/segment_sel_sgl.v                                                                                                  ; --            ; --          ; --               ;
; MISC_FILE                           ; V/nco-library/sid_2c_1p.v                                                                                                        ; --            ; --          ; --               ;
; MISC_FILE                           ; V/nco-library/sop_reg.v                                                                                                          ; --            ; --          ; --               ;
; MISC_FILE                           ; V/lpm_10M_nco.v                                                                                                                  ; --            ; --          ; --               ;
; MISC_FILE                           ; V/lpm_10M_nco_bb.v                                                                                                               ; --            ; --          ; --               ;
; MISC_FILE                           ; V/lpm_10M_nco.bsf                                                                                                                ; --            ; --          ; --               ;
; MISC_FILE                           ; V/lpm_10M_nco_st.v                                                                                                               ; --            ; --          ; --               ;
; MISC_FILE                           ; V/lpm_10M_nco.vo                                                                                                                 ; --            ; --          ; --               ;
; MISC_FILE                           ; V/lpm_10M_nco_tb.v                                                                                                               ; --            ; --          ; --               ;
; MISC_FILE                           ; V/lpm_10M_nco_vo_msim.tcl                                                                                                        ; --            ; --          ; --               ;
; MISC_FILE                           ; V/lpm_10M_nco_wave.do                                                                                                            ; --            ; --          ; --               ;
; MISC_FILE                           ; V/lpm_10M_nco_model.m                                                                                                            ; --            ; --          ; --               ;
; MISC_FILE                           ; V/lpm_10M_nco_tb.m                                                                                                               ; --            ; --          ; --               ;
; MISC_FILE                           ; V/lpm_10M_nco_sin_f.hex                                                                                                          ; --            ; --          ; --               ;
; MISC_FILE                           ; V/lpm_10M_nco_cos_f.hex                                                                                                          ; --            ; --          ; --               ;
; MISC_FILE                           ; V/lpm_10M_nco_sin_c.hex                                                                                                          ; --            ; --          ; --               ;
; MISC_FILE                           ; V/lpm_10M_nco_cos_c.hex                                                                                                          ; --            ; --          ; --               ;
; MISC_FILE                           ; V/lpm_10M_nco.vec                                                                                                                ; --            ; --          ; --               ;
; MISC_FILE                           ; V/lpm_10M_nco_nativelink.tcl                                                                                                     ; --            ; --          ; --               ;
; MISC_FILE                           ; V/lpm_10M_nco.qip                                                                                                                ; --            ; --          ; --               ;
; MISC_FILE                           ; V/lpm_10M_nco.html                                                                                                               ; --            ; --          ; --               ;
; MISC_FILE                           ; V/add.bsf                                                                                                                        ; --            ; --          ; --               ;
; MISC_FILE                           ; V/add_bb.v                                                                                                                       ; --            ; --          ; --               ;
; MISC_FILE                           ; V/sine_1.bsf                                                                                                                     ; --            ; --          ; --               ;
; MISC_FILE                           ; V/sine_1_bb.v                                                                                                                    ; --            ; --          ; --               ;
; MISC_FILE                           ; V/sine_10.bsf                                                                                                                    ; --            ; --          ; --               ;
; MISC_FILE                           ; V/sine_10_bb.v                                                                                                                   ; --            ; --          ; --               ;
; MISC_FILE                           ; V/p_sine.bsf                                                                                                                     ; --            ; --          ; --               ;
; MISC_FILE                           ; V/p_sine_bb.v                                                                                                                    ; --            ; --          ; --               ;
; MISC_FILE                           ; V/fir_out.bsf                                                                                                                    ; --            ; --          ; --               ;
; MISC_FILE                           ; V/fir_out_bb.v                                                                                                                   ; --            ; --          ; --               ;
; MISC_FILE                           ; V/a2d_data_a.bsf                                                                                                                 ; --            ; --          ; --               ;
; MISC_FILE                           ; V/a2d_data_a_bb.v                                                                                                                ; --            ; --          ; --               ;
; MISC_FILE                           ; V/a2d_data_b.bsf                                                                                                                 ; --            ; --          ; --               ;
; MISC_FILE                           ; V/a2d_data_b_bb.v                                                                                                                ; --            ; --          ; --               ;
; MISC_FILE                           ; V/FIR_3MHZ_low.cmp                                                                                                               ; --            ; --          ; --               ;
; MISC_FILE                           ; V/FIR_3MHZ_low_sim/altera_avalon_sc_fifo.v                                                                                       ; --            ; --          ; --               ;
; MISC_FILE                           ; V/FIR_3MHZ_low_sim/auk_dspip_math_pkg_hpfir.vhd                                                                                  ; --            ; --          ; --               ;
; MISC_FILE                           ; V/FIR_3MHZ_low_sim/auk_dspip_lib_pkg_hpfir.vhd                                                                                   ; --            ; --          ; --               ;
; MISC_FILE                           ; V/FIR_3MHZ_low_sim/auk_dspip_avalon_streaming_controller_hpfir.vhd                                                               ; --            ; --          ; --               ;
; MISC_FILE                           ; V/FIR_3MHZ_low_sim/auk_dspip_avalon_streaming_sink_hpfir.vhd                                                                     ; --            ; --          ; --               ;
; MISC_FILE                           ; V/FIR_3MHZ_low_sim/auk_dspip_avalon_streaming_source_hpfir.vhd                                                                   ; --            ; --          ; --               ;
; MISC_FILE                           ; V/FIR_3MHZ_low_sim/auk_dspip_roundsat_hpfir.vhd                                                                                  ; --            ; --          ; --               ;
; MISC_FILE                           ; V/FIR_3MHZ_low_sim/dspba_library_package.vhd                                                                                     ; --            ; --          ; --               ;
; MISC_FILE                           ; V/FIR_3MHZ_low_sim/dspba_library.vhd                                                                                             ; --            ; --          ; --               ;
; MISC_FILE                           ; V/FIR_3MHZ_low_sim/FIR_3MHZ_low_rtl.vhd                                                                                          ; --            ; --          ; --               ;
; MISC_FILE                           ; V/FIR_3MHZ_low_sim/FIR_3MHZ_low_ast.vhd                                                                                          ; --            ; --          ; --               ;
; MISC_FILE                           ; V/FIR_3MHZ_low_sim/FIR_3MHZ_low.vhd                                                                                              ; --            ; --          ; --               ;
; MISC_FILE                           ; V/FIR_3MHZ_low_sim/FIR_3MHZ_low_nativelink.tcl                                                                                   ; --            ; --          ; --               ;
; MISC_FILE                           ; V/FIR_3MHZ_low_sim/FIR_3MHZ_low_msim.tcl                                                                                         ; --            ; --          ; --               ;
; MISC_FILE                           ; V/FIR_3MHZ_low_sim/FIR_3MHZ_low_tb.vhd                                                                                           ; --            ; --          ; --               ;
; MISC_FILE                           ; V/FIR_3MHZ_low_sim/FIR_3MHZ_low_mlab.m                                                                                           ; --            ; --          ; --               ;
; MISC_FILE                           ; V/FIR_3MHZ_low_sim/FIR_3MHZ_low_model.m                                                                                          ; --            ; --          ; --               ;
; MISC_FILE                           ; V/FIR_3MHZ_low_sim/FIR_3MHZ_low_coef_int.txt                                                                                     ; --            ; --          ; --               ;
; MISC_FILE                           ; V/FIR_3MHZ_low_sim/FIR_3MHZ_low_input.txt                                                                                        ; --            ; --          ; --               ;
; MISC_FILE                           ; V/FIR_3MHZ_low_sim/FIR_3MHZ_low_param.txt                                                                                        ; --            ; --          ; --               ;
; OUTPUT_IO_TIMING_FAR_END_VMEAS      ; Half Signal Swing                                                                                                                ; --            ; --          ; --               ;
; OUTPUT_IO_TIMING_FAR_END_VMEAS      ; Half Signal Swing                                                                                                                ; --            ; --          ; --               ;
; OUTPUT_IO_TIMING_NEAR_END_VMEAS     ; Half Vccio                                                                                                                       ; --            ; --          ; --               ;
; OUTPUT_IO_TIMING_NEAR_END_VMEAS     ; Half Vccio                                                                                                                       ; --            ; --          ; --               ;
; PARTITION_COLOR                     ; -- (Not supported for targeted family)                                                                                           ; --            ; --          ; Top              ;
; PARTITION_FITTER_PRESERVATION_LEVEL ; -- (Not supported for targeted family)                                                                                           ; --            ; --          ; Top              ;
; PARTITION_NETLIST_TYPE              ; -- (Not supported for targeted family)                                                                                           ; --            ; --          ; Top              ;
; POWER_BOARD_THERMAL_MODEL           ; None (CONSERVATIVE)                                                                                                              ; --            ; --          ; --               ;
; POWER_PRESET_COOLING_SOLUTION       ; 23 MM HEAT SINK WITH 200 LFPM AIRFLOW                                                                                            ; --            ; --          ; --               ;
; SEARCH_PATH                         ; V/.                                                                                                                              ; --            ; --          ; --               ;
; SEARCH_PATH                         ; V/nco-library                                                                                                                    ; --            ; --          ; --               ;
; SLD_FILE                            ; db/step1_auto_stripped.stp                                                                                                       ; --            ; --          ; --               ;
; SLD_NODE_CREATOR_ID                 ; 110                                                                                                                              ; --            ; --          ; auto_signaltap_0 ;
; SLD_NODE_ENTITY_NAME                ; sld_signaltap                                                                                                                    ; --            ; --          ; auto_signaltap_0 ;
; SLD_NODE_PARAMETER_ASSIGNMENT       ; SLD_RAM_BLOCK_TYPE=M10K                                                                                                          ; --            ; --          ; auto_signaltap_0 ;
; SLD_NODE_PARAMETER_ASSIGNMENT       ; SLD_STORAGE_QUALIFIER_BITS=82                                                                                                    ; --            ; --          ; auto_signaltap_0 ;
; SLD_NODE_PARAMETER_ASSIGNMENT       ; SLD_NODE_INFO=805334528                                                                                                          ; --            ; --          ; auto_signaltap_0 ;
; SLD_NODE_PARAMETER_ASSIGNMENT       ; SLD_POWER_UP_TRIGGER=0                                                                                                           ; --            ; --          ; auto_signaltap_0 ;
; SLD_NODE_PARAMETER_ASSIGNMENT       ; SLD_STORAGE_QUALIFIER_INVERSION_MASK_LENGTH=0                                                                                    ; --            ; --          ; auto_signaltap_0 ;
; SLD_NODE_PARAMETER_ASSIGNMENT       ; SLD_SEGMENT_SIZE=2048                                                                                                            ; --            ; --          ; auto_signaltap_0 ;
; SLD_NODE_PARAMETER_ASSIGNMENT       ; SLD_ATTRIBUTE_MEM_MODE=OFF                                                                                                       ; --            ; --          ; auto_signaltap_0 ;
; SLD_NODE_PARAMETER_ASSIGNMENT       ; SLD_STATE_FLOW_USE_GENERATED=0                                                                                                   ; --            ; --          ; auto_signaltap_0 ;
; SLD_NODE_PARAMETER_ASSIGNMENT       ; SLD_STATE_BITS=11                                                                                                                ; --            ; --          ; auto_signaltap_0 ;
; SLD_NODE_PARAMETER_ASSIGNMENT       ; SLD_BUFFER_FULL_STOP=1                                                                                                           ; --            ; --          ; auto_signaltap_0 ;
; SLD_NODE_PARAMETER_ASSIGNMENT       ; SLD_CURRENT_RESOURCE_WIDTH=1                                                                                                     ; --            ; --          ; auto_signaltap_0 ;
; SLD_NODE_PARAMETER_ASSIGNMENT       ; SLD_INCREMENTAL_ROUTING=1                                                                                                        ; --            ; --          ; auto_signaltap_0 ;
; SLD_NODE_PARAMETER_ASSIGNMENT       ; SLD_TRIGGER_LEVEL=1                                                                                                              ; --            ; --          ; auto_signaltap_0 ;
; SLD_NODE_PARAMETER_ASSIGNMENT       ; SLD_SAMPLE_DEPTH=2048                                                                                                            ; --            ; --          ; auto_signaltap_0 ;
; SLD_NODE_PARAMETER_ASSIGNMENT       ; SLD_TRIGGER_IN_ENABLED=0                                                                                                         ; --            ; --          ; auto_signaltap_0 ;
; SLD_NODE_PARAMETER_ASSIGNMENT       ; SLD_TRIGGER_PIPELINE=0                                                                                                           ; --            ; --          ; auto_signaltap_0 ;
; SLD_NODE_PARAMETER_ASSIGNMENT       ; SLD_RAM_PIPELINE=0                                                                                                               ; --            ; --          ; auto_signaltap_0 ;
; SLD_NODE_PARAMETER_ASSIGNMENT       ; SLD_COUNTER_PIPELINE=0                                                                                                           ; --            ; --          ; auto_signaltap_0 ;
; SLD_NODE_PARAMETER_ASSIGNMENT       ; SLD_ADVANCED_TRIGGER_ENTITY=basic,1,                                                                                             ; --            ; --          ; auto_signaltap_0 ;
; SLD_NODE_PARAMETER_ASSIGNMENT       ; SLD_TRIGGER_LEVEL_PIPELINE=1                                                                                                     ; --            ; --          ; auto_signaltap_0 ;
; SLD_NODE_PARAMETER_ASSIGNMENT       ; SLD_ENABLE_ADVANCED_TRIGGER=0                                                                                                    ; --            ; --          ; auto_signaltap_0 ;
; SLD_NODE_PARAMETER_ASSIGNMENT       ; SLD_DATA_BITS=28                                                                                                                 ; --            ; --          ; auto_signaltap_0 ;
; SLD_NODE_PARAMETER_ASSIGNMENT       ; SLD_TRIGGER_BITS=28                                                                                                              ; --            ; --          ; auto_signaltap_0 ;
; SLD_NODE_PARAMETER_ASSIGNMENT       ; SLD_INVERSION_MASK=0000000000000000000000000000000000000000000000000000000000000000000000000000000000000000000000000000000000000 ; --            ; --          ; auto_signaltap_0 ;
; SLD_NODE_PARAMETER_ASSIGNMENT       ; SLD_INVERSION_MASK_LENGTH=109                                                                                                    ; --            ; --          ; auto_signaltap_0 ;
; SPD_FILE                            ; V/FIR_3MHZ_low.spd                                                                                                               ; --            ; --          ; --               ;
; SYNTHESIS_ONLY_QIP                  ; On                                                                                                                               ; --            ; --          ; --               ;
; USE_SIGNALTAP_FILE                  ; step1.stp                                                                                                                        ; --            ; --          ; --               ;
+-------------------------------------+----------------------------------------------------------------------------------------------------------------------------------+---------------+-------------+------------------+


+--------------------------------------------------------------------------------------------------------------------------+
; Flow Elapsed Time                                                                                                        ;
+----------------------+--------------+-------------------------+---------------------+------------------------------------+
; Module Name          ; Elapsed Time ; Average Processors Used ; Peak Virtual Memory ; Total CPU Time (on all processors) ;
+----------------------+--------------+-------------------------+---------------------+------------------------------------+
; Analysis & Synthesis ; 00:00:23     ; 1.0                     ; 4827 MB             ; 00:00:42                           ;
; Total                ; 00:00:23     ; --                      ; --                  ; 00:00:42                           ;
+----------------------+--------------+-------------------------+---------------------+------------------------------------+


+------------------------------------------------------------------------------------+
; Flow OS Summary                                                                    ;
+----------------------+------------------+------------+------------+----------------+
; Module Name          ; Machine Hostname ; OS Name    ; OS Version ; Processor type ;
+----------------------+------------------+------------+------------+----------------+
; Analysis & Synthesis ; LAPTOP-PVEJB31O  ; Windows 10 ; 10.0       ; x86_64         ;
+----------------------+------------------+------------+------------+----------------+


------------
; Flow Log ;
------------
quartus_map --read_settings_files=on --write_settings_files=off SoCKit_DCC -c SoCKit_DCC



